<?xml version="1.0" encoding="UTF-8"?>
<!-- Generated by org.testng.reporters.JUnitReportReporter -->
<testsuite hostname="niranjans-mbp.lan" name="com.qa.tests.HomePageTests" tests="4" failures="0" timestamp="16 Feb 2021 03:24:18 GMT" time="24.720" errors="0">
  <testcase name="verifyUsernameTest" time="5.988" classname="com.qa.tests.HomePageTests"/>
  <testcase name="verifyDealsLinkTest" time="5.897" classname="com.qa.tests.HomePageTests"/>
  <testcase name="verifyHomePageTitle" time="5.982" classname="com.qa.tests.HomePageTests"/>
  <testcase name="verifyContactsLinkTest" time="6.853" classname="com.qa.tests.HomePageTests"/>
</testsuite> <!-- com.qa.tests.HomePageTests -->
