<?xml version="1.0" encoding="UTF-8"?>
<!-- Generated by org.testng.reporters.JUnitReportReporter -->
<testsuite hostname="niranjans-mbp.lan" name="com.qa.tests.DemoTest" tests="4" failures="0" timestamp="14 Feb 2021 15:51:46 GMT" time="0.017" errors="0">
  <testcase name="add" time="0.011" classname="com.qa.tests.DemoTest"/>
  <testcase name="subtract" time="0.003" classname="com.qa.tests.DemoTest"/>
  <testcase name="divide" time="0.002" classname="com.qa.tests.DemoTest"/>
  <testcase name="multiply" time="0.001" classname="com.qa.tests.DemoTest"/>
</testsuite> <!-- com.qa.tests.DemoTest -->
