<?xml version="1.0" encoding="UTF-8"?>
<!-- Generated by org.testng.reporters.JUnitReportReporter -->
<testsuite hostname="niranjans-mbp.lan" name="com.qa.tests.LoginPageTests" tests="2" failures="0" timestamp="16 Feb 2021 03:24:18 GMT" time="9.110" errors="0">
  <testcase name="loginPageTitleTest" time="2.946" classname="com.qa.tests.LoginPageTests"/>
  <testcase name="loginTest" time="6.164" classname="com.qa.tests.LoginPageTests"/>
</testsuite> <!-- com.qa.tests.LoginPageTests -->
