<?xml version="1.0" encoding="UTF-8"?>
<!-- Generated by org.testng.reporters.JUnitReportReporter -->
<testsuite hostname="niranjans-mbp.lan" name="com.qa.tests.LoginPageTests" tests="2" failures="0" timestamp="18 Feb 2021 02:26:16 GMT" time="9.823" errors="0">
  <testcase name="loginTest" time="6.083" classname="com.qa.tests.LoginPageTests"/>
  <testcase name="loginPageTitleTest" time="3.740" classname="com.qa.tests.LoginPageTests"/>
</testsuite> <!-- com.qa.tests.LoginPageTests -->
